<?xml version="1.0" encoding="UTF-8"?>
<!-- Generated by org.testng.reporters.JUnitReportReporter -->
<testsuite hostname="DESKTOP-MO8DBRS" failures="0" tests="1" name="practice.Basu" time="0.014" errors="0" timestamp="2021-12-22T00:11:26 IST" skipped="0">
  <testcase classname="practice.Basu" name="addition" time="0.014"/>
  <system-out/>
</testsuite> <!-- practice.Basu -->
